command obeseadults2 is unrecognized
r(199);

end of do-file

r(199);

. do "/var/folders/kd/pmn9s3zn1n59f3jnm0hg76rh0000gn/T//SD31788.000000"

. regress obeseadults2 hhinc2

      Source |       SS           df       MS      Number of obs   =        50
-------------+----------------------------------   F(1, 48)        =      2.04
       Model |  33.2077687         1  33.2077687   Prob > F        =    0.1597
    Residual |  781.429002        48  16.2797709   R-squared       =    0.0408
-------------+----------------------------------   Adj R-squared   =    0.0208
       Total |  814.636771        49  16.6252402   Root MSE        =    4.0348

------------------------------------------------------------------------------
obeseadults2 | Coefficient  Std. err.      t    P>|t|     [95% conf. interval]
-------------+----------------------------------------------------------------
      hhinc2 |  -.0822903   .0576173    -1.43   0.160    -.1981375     .033557
       _cons |   38.67432   3.731214    10.37   0.000     31.17221    46.17643
------------------------------------------------------------------------------

. 
end of do-file

. do "/var/folders/kd/pmn9s3zn1n59f3jnm0hg76rh0000gn/T//SD31788.000000"

. regress obeseadults2 hhinc2 food_insecure

      Source |       SS           df       MS      Number of obs   =        50
-------------+----------------------------------   F(2, 47)        =      9.33
       Model |  231.580785         2  115.790392   Prob > F        =    0.0004
    Residual |  583.055986        47  12.4054465   R-squared       =    0.2843
-------------+----------------------------------   Adj R-squared   =    0.2538
       Total |  814.636771        49  16.6252402   Root MSE        =    3.5221

-------------------------------------------------------------------------------
 obeseadults2 | Coefficient  Std. err.      t    P>|t|     [95% conf. interval]
--------------+----------------------------------------------------------------
       hhinc2 |  -.0757425   .0503228    -1.51   0.139    -.1769789    .0254939
food_insecure |   .8633196    .215892     4.00   0.000      .429001    1.297638
        _cons |   29.19043   4.029082     7.24   0.000     21.08496     37.2959
-------------------------------------------------------------------------------

. 
end of do-file

. do "/var/folders/kd/pmn9s3zn1n59f3jnm0hg76rh0000gn/T//SD31788.000000"

. log off
      name:  <unnamed>
       log:  /Users/phoeberotman/Desktop/stata/do files/a2.log
  log type:  text
 paused on:  31 Oct 2024, 23:21:36
--------------------------------------------------------------------------------------------------------------------------------------------------------------------------------------------------------
